<?xml version="1.0" encoding="UTF-8"?>
<!-- Generated by org.testng.reporters.JUnitXMLReporter -->
<testsuite ignored="0" hostname="DESKTOP-B371L1B" failures="0" tests="7" name="Test" time="51.724" errors="0" timestamp="2024-02-02T00:05:32 IST">
  <testcase classname="nopCom.RegPageTest" name="RegTest" time="6.668"/>
  <testcase classname="nopCom.RegPageTest" name="RegTest" time="6.55"/>
  <testcase classname="nopCom.RegPageTest" name="RegTest" time="5.311"/>
  <testcase classname="nopCom.RegPageTest" name="RegTest" time="6.114"/>
  <testcase classname="nopCom.RegPageTest" name="RegTest" time="6.245"/>
  <testcase classname="nopCom.RegPageTest" name="RegTest" time="4.946"/>
  <testcase classname="nopCom.RegPageTest" name="RegTest" time="6.432"/>
</testsuite> <!-- Test -->
