<?xml version="1.0" encoding="UTF-8"?>
<testng-results ignored="0" total="1" passed="1" failed="0" skipped="0">
  <reporter-output>
  </reporter-output>
  <suite started-at="2024-02-02T22:26:05 IST" name="Default suite" finished-at="2024-02-02T22:26:07 IST" duration-ms="1767">
    <groups>
    </groups>
    <test started-at="2024-02-02T22:26:05 IST" name="Default test" finished-at="2024-02-02T22:26:07 IST" duration-ms="1767">
      <class name="DataBaseTesting.DataBaseTestingClass">
        <test-method signature="datatest()[pri:0, instance:DataBaseTesting.DataBaseTestingClass@635eaaf1]" started-at="2024-02-02T22:26:06 IST" name="datatest" finished-at="2024-02-02T22:26:07 IST" duration-ms="1711" status="PASS">
          <reporter-output>
          </reporter-output>
        </test-method> <!-- datatest -->
      </class> <!-- DataBaseTesting.DataBaseTestingClass -->
    </test> <!-- Default test -->
  </suite> <!-- Default suite -->
</testng-results>
